==============================================
 LBM-2D: Cylinder Near a Wall
 D2Q9 | MRT | OpenMP | Cache-Optimized
==============================================
Re = 100  gap = 40 cells  tau = 0.68  steps = 20000  D = 60  cy = 70
  step      0  Cd = 31.8065  Cl = 0.0010
  step    500  Cd = 2.0975  Cl = 0.1040
  step   1000  Cd = 3.4534  Cl = -1.3616
  step   1500  Cd = 1.7453  Cl = 0.5559
  step   2000  Cd = 1.8763  Cl = 0.4736
  step   2500  Cd = 2.7697  Cl = -0.0437
  step   3000  Cd = 2.6445  Cl = 1.0625
  step   3500  Cd = 2.3288  Cl = 0.7934
  step   4000  Cd = 2.7191  Cl = 0.7903
  step   4500  Cd = 2.4127  Cl = -0.0333
  step   5000  Cd = 2.8477  Cl = -0.5166
  step   5500  Cd = 2.5934  Cl = 0.2237
  step   6000  Cd = 2.4696  Cl = 0.5001
  step   6500  Cd = 2.6006  Cl = 0.6232
  step   7000  Cd = 2.5874  Cl = 0.0734
  step   7500  Cd = 2.6672  Cl = 0.3227
  step   8000  Cd = 2.5674  Cl = 0.7862
  step   8500  Cd = 2.3764  Cl = 1.0369
  step   9000  Cd = 2.6780  Cl = 0.3716
  step   9500  Cd = 2.5220  Cl = 0.0828
  step  10000  Cd = 2.4848  Cl = 0.0976
  step  10500  Cd = 2.4330  Cl = 0.6316
  step  11000  Cd = 2.6004  Cl = 0.4689
  step  11500  Cd = 2.6590  Cl = 0.2060
  step  12000  Cd = 2.5490  Cl = -0.0059
  step  12500  Cd = 2.5382  Cl = 0.4737
  step  13000  Cd = 2.4500  Cl = 0.7200
  step  13500  Cd = 2.7401  Cl = 0.5760
  step  14000  Cd = 2.5578  Cl = 0.1074
  step  14500  Cd = 2.5279  Cl = 0.2859
  step  15000  Cd = 2.5176  Cl = 0.4834
  step  15500  Cd = 2.5586  Cl = 0.8220
  step  16000  Cd = 2.6845  Cl = 0.3079
  step  16500  Cd = 2.5446  Cl = 0.0977
  step  17000  Cd = 2.5250  Cl = 0.2161
  step  17500  Cd = 2.4746  Cl = 0.5625
  step  18000  Cd = 2.6843  Cl = 0.6618
  step  18500  Cd = 2.6063  Cl = 0.1705
  step  19000  Cd = 2.5748  Cl = 0.2218
  step  19500  Cd = 2.5114  Cl = 0.2809
  step  20000  Cd = 2.5017  Cl = 0.8226
==============================================
 Cylinder near wall simulation complete.
  Re = 100.0000  gap = 40
  Steps = 20000
==============================================
