==============================================
 LBM-2D: Cylinder Near a Wall
 D2Q9 | MRT | OpenMP | Cache-Optimized
==============================================
Re = 100  gap = 20 cells  tau = 0.68  steps = 20000  D = 60  cy = 50
  step      0  Cd = 31.8065  Cl = -0.0003
  step    500  Cd = 2.4363  Cl = 1.0989
  step   1000  Cd = 2.3655  Cl = 0.9568
  step   1500  Cd = 1.6028  Cl = -0.0654
  step   2000  Cd = 2.1499  Cl = -0.7080
  step   2500  Cd = 2.5467  Cl = -0.1339
  step   3000  Cd = 2.7812  Cl = 0.7186
  step   3500  Cd = 2.5630  Cl = 0.8510
  step   4000  Cd = 3.0811  Cl = 0.6698
  step   4500  Cd = 3.0463  Cl = 0.6225
  step   5000  Cd = 3.1386  Cl = 0.6612
  step   5500  Cd = 2.9060  Cl = 0.8065
  step   6000  Cd = 2.8045  Cl = 0.6177
  step   6500  Cd = 2.8012  Cl = 0.5820
  step   7000  Cd = 2.6972  Cl = 0.6075
  step   7500  Cd = 2.5987  Cl = 0.7380
  step   8000  Cd = 2.6804  Cl = 0.7158
  step   8500  Cd = 2.5418  Cl = 0.7999
  step   9000  Cd = 2.8180  Cl = 0.5701
  step   9500  Cd = 2.6197  Cl = 0.7349
  step  10000  Cd = 2.6983  Cl = 0.5959
  step  10500  Cd = 2.7289  Cl = 0.6698
  step  11000  Cd = 2.7265  Cl = 0.6099
  step  11500  Cd = 2.7341  Cl = 0.6965
  step  12000  Cd = 2.6003  Cl = 0.6451
  step  12500  Cd = 2.6824  Cl = 0.6917
  step  13000  Cd = 2.8216  Cl = 0.6703
  step  13500  Cd = 2.8559  Cl = 0.7473
  step  14000  Cd = 2.7370  Cl = 0.7537
  step  14500  Cd = 2.7157  Cl = 0.6378
  step  15000  Cd = 2.7946  Cl = 0.6732
  step  15500  Cd = 2.8785  Cl = 0.6225
  step  16000  Cd = 2.7931  Cl = 0.7857
  step  16500  Cd = 2.7205  Cl = 0.6625
  step  17000  Cd = 2.7465  Cl = 0.6849
  step  17500  Cd = 2.7662  Cl = 0.6049
  step  18000  Cd = 2.7528  Cl = 0.7275
  step  18500  Cd = 2.7352  Cl = 0.7031
  step  19000  Cd = 2.7968  Cl = 0.7371
  step  19500  Cd = 2.8276  Cl = 0.6789
  step  20000  Cd = 2.7230  Cl = 0.6833
==============================================
 Cylinder near wall simulation complete.
  Re = 100.0000  gap = 20
  Steps = 20000
==============================================
