==============================================
 LBM-2D: Cylinder Near a Wall
 D2Q9 | MRT | OpenMP | Cache-Optimized
==============================================
Re = 100  gap = 10 cells  tau = 0.68  steps = 20000  D = 60  cy = 40
  step      0  Cd = 31.8065  Cl = 0.0000
  step    500  Cd = 2.2601  Cl = 2.7116
  step   1000  Cd = 1.9600  Cl = 2.3133
  step   1500  Cd = 1.1582  Cl = 0.4248
  step   2000  Cd = 1.3538  Cl = 0.6846
  step   2500  Cd = 2.0867  Cl = 0.8966
  step   3000  Cd = 2.4577  Cl = 1.1553
  step   3500  Cd = 2.5764  Cl = 1.0370
  step   4000  Cd = 3.0521  Cl = 1.3804
  step   4500  Cd = 3.0494  Cl = 1.0682
  step   5000  Cd = 3.0756  Cl = 1.4901
  step   5500  Cd = 2.9175  Cl = 1.4915
  step   6000  Cd = 2.7714  Cl = 1.6618
  step   6500  Cd = 2.7553  Cl = 1.7502
  step   7000  Cd = 2.6337  Cl = 1.7806
  step   7500  Cd = 2.5822  Cl = 1.6775
  step   8000  Cd = 2.5898  Cl = 1.5979
  step   8500  Cd = 2.5438  Cl = 1.4216
  step   9000  Cd = 2.6332  Cl = 1.2510
  step   9500  Cd = 2.3579  Cl = 1.2559
  step  10000  Cd = 2.6393  Cl = 1.1013
  step  10500  Cd = 2.3752  Cl = 1.1664
  step  11000  Cd = 2.5258  Cl = 1.2257
  step  11500  Cd = 2.5054  Cl = 1.2411
  step  12000  Cd = 2.5071  Cl = 1.3934
  step  12500  Cd = 2.6222  Cl = 1.4236
  step  13000  Cd = 2.5763  Cl = 1.5179
  step  13500  Cd = 2.6818  Cl = 1.5512
  step  14000  Cd = 2.6147  Cl = 1.5697
  step  14500  Cd = 2.6676  Cl = 1.5218
  step  15000  Cd = 2.5953  Cl = 1.5235
  step  15500  Cd = 2.6165  Cl = 1.4152
  step  16000  Cd = 2.5675  Cl = 1.4247
  step  16500  Cd = 2.5757  Cl = 1.3394
  step  17000  Cd = 2.5812  Cl = 1.3519
  step  17500  Cd = 2.5649  Cl = 1.3228
  step  18000  Cd = 2.6052  Cl = 1.3508
  step  18500  Cd = 2.6019  Cl = 1.3436
  step  19000  Cd = 2.6457  Cl = 1.4067
  step  19500  Cd = 2.6696  Cl = 1.4121
  step  20000  Cd = 2.6815  Cl = 1.4697
==============================================
 Cylinder near wall simulation complete.
  Re = 100.0000  gap = 10
  Steps = 20000
==============================================
