==============================================
 AK-Vortex: Orifice Plate
 D2Q9 | MRT | OpenMP | Cache-Optimized
==============================================
Re = 100  config = 2p  tau = 0.725  steps = 60000  hole_width = 37  LES(Cs=0.120000)
  Plate 1: x=266  holes_cy=225 
  Plate 2: x=532  holes_cy=75 
  step      0  Fx = 26.3333  Fy = 0.0000
  step    500  Fx = -4.6061  Fy = -0.0000
  step   1000  Fx = 16.0106  Fy = -0.0000
  step   1500  Fx = 5.1968  Fy = 0.0000
  step   2000  Fx = 10.4116  Fy = 0.0000
  step   2500  Fx = 13.9107  Fy = 0.0000
  step   3000  Fx = 9.9442  Fy = -0.0000
  step   3500  Fx = 14.9637  Fy = -0.0000
  step   4000  Fx = 14.5744  Fy = 0.0000
  step   4500  Fx = 13.6139  Fy = 0.0000
  step   5000  Fx = 18.0160  Fy = -0.0000
  step   5500  Fx = 16.6242  Fy = -0.0000
  step   6000  Fx = 17.5741  Fy = -0.0000
  step   6500  Fx = 20.2621  Fy = -0.0000
  step   7000  Fx = 19.8315  Fy = 0.0000
  step   7500  Fx = 20.6104  Fy = 0.0000
  step   8000  Fx = 21.5489  Fy = 0.0000
  step   8500  Fx = 21.2346  Fy = -0.0000
  step   9000  Fx = 21.5394  Fy = 0.0000
  step   9500  Fx = 22.2758  Fy = -0.0000
  step  10000  Fx = 22.1574  Fy = -0.0000
  step  10500  Fx = 22.9510  Fy = -0.0000
  step  11000  Fx = 24.7431  Fy = -0.0000
  step  11500  Fx = 24.7048  Fy = -0.0000
  step  12000  Fx = 26.2226  Fy = -0.0000
  step  12500  Fx = 26.8520  Fy = 0.0000
  step  13000  Fx = 26.6518  Fy = 0.0000
  step  13500  Fx = 27.1521  Fy = 0.0000
  step  14000  Fx = 27.1570  Fy = 0.0000
  step  14500  Fx = 26.9150  Fy = 0.0000
  step  15000  Fx = 27.4370  Fy = -0.0000
  step  15500  Fx = 27.2962  Fy = -0.0000
  step  16000  Fx = 27.6191  Fy = -0.0000
  step  16500  Fx = 28.9277  Fy = -0.0000
  step  17000  Fx = 29.0482  Fy = -0.0000
  step  17500  Fx = 30.1698  Fy = -0.0000
  step  18000  Fx = 30.8062  Fy = -0.0000
  step  18500  Fx = 30.6271  Fy = -0.0000
  step  19000  Fx = 30.9024  Fy = -0.0000
  step  19500  Fx = 30.8392  Fy = -0.0000
  step  20000  Fx = 30.5403  Fy = -0.0000
  step  20500  Fx = 30.7238  Fy = -0.0000
  step  21000  Fx = 30.6152  Fy = -0.0000
  step  21500  Fx = 30.6883  Fy = 0.0000
  step  22000  Fx = 31.6302  Fy = 0.0000
  step  22500  Fx = 31.8311  Fy = 0.0000
  step  23000  Fx = 32.7233  Fy = 0.0000
  step  23500  Fx = 33.3254  Fy = 0.0000
  step  24000  Fx = 33.2333  Fy = 0.0000
  step  24500  Fx = 33.4374  Fy = 0.0000
  step  25000  Fx = 33.3083  Fy = 0.0000
  step  25500  Fx = 33.0324  Fy = 0.0000
  step  26000  Fx = 32.9927  Fy = 0.0000
  step  26500  Fx = 32.8704  Fy = 0.0000
  step  27000  Fx = 32.7839  Fy = 0.0000
  step  27500  Fx = 33.4357  Fy = 0.0000
  step  28000  Fx = 33.6569  Fy = 0.0000
  step  28500  Fx = 34.3855  Fy = 0.0000
  step  29000  Fx = 34.9786  Fy = 0.0000
  step  29500  Fx = 34.9777  Fy = 0.0000
  step  30000  Fx = 35.1658  Fy = 0.0000
  step  30500  Fx = 35.0059  Fy = 0.0000
  step  31000  Fx = 34.7680  Fy = 0.0000
  step  31500  Fx = 34.5979  Fy = 0.0000
  step  32000  Fx = 34.4439  Fy = 0.0000
  step  32500  Fx = 34.2662  Fy = 0.0000
  step  33000  Fx = 34.6760  Fy = 0.0000
  step  33500  Fx = 34.8795  Fy = 0.0000
  step  34000  Fx = 35.4653  Fy = 0.0000
  step  34500  Fx = 36.0569  Fy = 0.0000
  step  35000  Fx = 36.1408  Fy = 0.0000
  step  35500  Fx = 36.3436  Fy = 0.0000
  step  36000  Fx = 36.1896  Fy = 0.0000
  step  36500  Fx = 35.9879  Fy = 0.0000
  step  37000  Fx = 35.7554  Fy = 0.0000
  step  37500  Fx = 35.5659  Fy = 0.0000
  step  38000  Fx = 35.3385  Fy = 0.0000
  step  38500  Fx = 35.5513  Fy = 0.0000
  step  39000  Fx = 35.7136  Fy = 0.0000
  step  39500  Fx = 36.1690  Fy = 0.0000
  step  40000  Fx = 36.7441  Fy = 0.0001
  step  40500  Fx = 36.9058  Fy = 0.0001
  step  41000  Fx = 37.1382  Fy = 0.0002
  step  41500  Fx = 37.0207  Fy = 0.0003
  step  42000  Fx = 36.8510  Fy = 0.0006
  step  42500  Fx = 36.6030  Fy = 0.0011
  step  43000  Fx = 36.3825  Fy = 0.0020
  step  43500  Fx = 36.1317  Fy = 0.0036
  step  44000  Fx = 36.1886  Fy = 0.0066
  step  44500  Fx = 36.2961  Fy = 0.0120
  step  45000  Fx = 36.6296  Fy = 0.0218
  step  45500  Fx = 37.1579  Fy = 0.0393
  step  46000  Fx = 37.3724  Fy = 0.0690
  step  46500  Fx = 37.6363  Fy = 0.1154
  step  47000  Fx = 37.6185  Fy = 0.1730
  step  47500  Fx = 37.6412  Fy = 0.2294
  step  48000  Fx = 37.6564  Fy = 0.2706
  step  48500  Fx = 37.6525  Fy = 0.2978
  step  49000  Fx = 37.6987  Fy = 0.3176
  step  49500  Fx = 37.7437  Fy = 0.3374
  step  50000  Fx = 37.9374  Fy = 0.3565
  step  50500  Fx = 38.3084  Fy = 0.3752
  step  51000  Fx = 38.7670  Fy = 0.3938
  step  51500  Fx = 39.0777  Fy = 0.4101
  step  52000  Fx = 39.4191  Fy = 0.4180
  step  52500  Fx = 39.2816  Fy = 0.4191
  step  53000  Fx = 39.1823  Fy = 0.4177
  step  53500  Fx = 39.1851  Fy = 0.4136
  step  54000  Fx = 38.8858  Fy = 0.4123
  step  54500  Fx = 38.6806  Fy = 0.4140
  step  55000  Fx = 38.7494  Fy = 0.4177
  step  55500  Fx = 38.7217  Fy = 0.4207
  step  56000  Fx = 38.7606  Fy = 0.4245
  step  56500  Fx = 39.3362  Fy = 0.4162
  step  57000  Fx = 39.5696  Fy = 0.3505
  step  57500  Fx = 39.8454  Fy = 0.3179
  step  58000  Fx = 40.0887  Fy = 0.3115
  step  58500  Fx = 39.3105  Fy = 0.3345
  step  59000  Fx = 38.4792  Fy = 0.3969
  step  59500  Fx = 38.7322  Fy = 0.4362
  step  60000  Fx = 39.0482  Fy = 0.4417
==============================================
 Orifice plate simulation complete.
  Re = 100.0000  config = 2p
  Steps = 60000
==============================================
