==============================================
 AK-Vortex: Orifice Plate
 D2Q9 | MRT | OpenMP | Cache-Optimized
==============================================
Re = 100  config = 1p1h  tau = 0.725  steps = 60000  hole_width = 37  LES(Cs=0.120000)
  Plate 1: x=400  holes_cy=150 
  step      0  Fx = 13.1667  Fy = 0.0000
  step    500  Fx = 3.4172  Fy = -0.0000
  step   1000  Fx = 3.5064  Fy = 0.0000
  step   1500  Fx = 7.2758  Fy = -0.0000
  step   2000  Fx = 5.4127  Fy = -0.0000
  step   2500  Fx = 5.5927  Fy = 0.0000
  step   3000  Fx = 8.5171  Fy = 0.0000
  step   3500  Fx = 8.1192  Fy = -0.0000
  step   4000  Fx = 8.1295  Fy = 0.0000
  step   4500  Fx = 8.9766  Fy = -0.0000
  step   5000  Fx = 9.6252  Fy = -0.0000
  step   5500  Fx = 11.9400  Fy = -0.0000
  step   6000  Fx = 9.8201  Fy = -0.0000
  step   6500  Fx = 9.0087  Fy = 0.0000
  step   7000  Fx = 10.5547  Fy = -0.0000
  step   7500  Fx = 9.4169  Fy = -0.0000
  step   8000  Fx = 9.8082  Fy = 0.0000
  step   8500  Fx = 10.6098  Fy = -0.0000
  step   9000  Fx = 11.7636  Fy = -0.0000
  step   9500  Fx = 12.0949  Fy = -0.0000
  step  10000  Fx = 11.6758  Fy = -0.0000
  step  10500  Fx = 12.3763  Fy = -0.0000
  step  11000  Fx = 13.2401  Fy = -0.0000
  step  11500  Fx = 12.2488  Fy = -0.0000
  step  12000  Fx = 11.7538  Fy = -0.0000
  step  12500  Fx = 13.1176  Fy = -0.0000
  step  13000  Fx = 13.0685  Fy = -0.0000
  step  13500  Fx = 12.6516  Fy = -0.0000
  step  14000  Fx = 12.7027  Fy = -0.0000
  step  14500  Fx = 13.4392  Fy = -0.0000
  step  15000  Fx = 13.6465  Fy = -0.0000
  step  15500  Fx = 12.8996  Fy = -0.0000
  step  16000  Fx = 13.3246  Fy = -0.0000
  step  16500  Fx = 13.8392  Fy = -0.0000
  step  17000  Fx = 13.7392  Fy = -0.0000
  step  17500  Fx = 13.1498  Fy = -0.0000
  step  18000  Fx = 13.8826  Fy = -0.0000
  step  18500  Fx = 14.0578  Fy = 0.0000
  step  19000  Fx = 13.6561  Fy = 0.0000
  step  19500  Fx = 13.5876  Fy = 0.0000
  step  20000  Fx = 13.8764  Fy = 0.0000
  step  20500  Fx = 14.3354  Fy = 0.0000
  step  21000  Fx = 13.7192  Fy = 0.0000
  step  21500  Fx = 13.8742  Fy = 0.0000
  step  22000  Fx = 14.1771  Fy = 0.0000
  step  22500  Fx = 14.2461  Fy = 0.0000
  step  23000  Fx = 13.8892  Fy = 0.0000
  step  23500  Fx = 14.0843  Fy = 0.0000
  step  24000  Fx = 14.3966  Fy = 0.0000
  step  24500  Fx = 14.1182  Fy = 0.0000
  step  25000  Fx = 14.0841  Fy = 0.0000
  step  25500  Fx = 14.1226  Fy = 0.0000
  step  26000  Fx = 14.5224  Fy = 0.0000
  step  26500  Fx = 14.1682  Fy = 0.0000
  step  27000  Fx = 14.1312  Fy = 0.0000
  step  27500  Fx = 14.3563  Fy = 0.0000
  step  28000  Fx = 14.3960  Fy = 0.0000
  step  28500  Fx = 14.2728  Fy = 0.0000
  step  29000  Fx = 14.2006  Fy = 0.0000
  step  29500  Fx = 14.4986  Fy = 0.0000
  step  30000  Fx = 14.3420  Fy = 0.0000
  step  30500  Fx = 14.3130  Fy = 0.0000
  step  31000  Fx = 14.2862  Fy = -0.0000
  step  31500  Fx = 14.5197  Fy = -0.0000
  step  32000  Fx = 14.4017  Fy = -0.0000
  step  32500  Fx = 14.2641  Fy = -0.0000
  step  33000  Fx = 14.4522  Fy = -0.0000
  step  33500  Fx = 14.4425  Fy = -0.0000
  step  34000  Fx = 14.4418  Fy = -0.0000
  step  34500  Fx = 14.3060  Fy = -0.0000
  step  35000  Fx = 14.5024  Fy = -0.0000
  step  35500  Fx = 14.4595  Fy = -0.0000
  step  36000  Fx = 14.4011  Fy = -0.0000
  step  36500  Fx = 14.3989  Fy = -0.0000
  step  37000  Fx = 14.4833  Fy = -0.0000
  step  37500  Fx = 14.5073  Fy = -0.0000
  step  38000  Fx = 14.3516  Fy = -0.0000
  step  38500  Fx = 14.4868  Fy = -0.0000
  step  39000  Fx = 14.4700  Fy = -0.0000
  step  39500  Fx = 14.4927  Fy = -0.0000
  step  40000  Fx = 14.3985  Fy = -0.0000
  step  40500  Fx = 14.4779  Fy = -0.0000
  step  41000  Fx = 14.5177  Fy = -0.0000
  step  41500  Fx = 14.4354  Fy = -0.0000
  step  42000  Fx = 14.4634  Fy = -0.0000
  step  42500  Fx = 14.4663  Fy = -0.0000
  step  43000  Fx = 14.5350  Fy = -0.0000
  step  43500  Fx = 14.4197  Fy = -0.0000
  step  44000  Fx = 14.4857  Fy = -0.0000
  step  44500  Fx = 14.4945  Fy = -0.0000
  step  45000  Fx = 14.4944  Fy = -0.0000
  step  45500  Fx = 14.4639  Fy = -0.0000
  step  46000  Fx = 14.4612  Fy = -0.0000
  step  46500  Fx = 14.5356  Fy = -0.0000
  step  47000  Fx = 14.4584  Fy = -0.0000
  step  47500  Fx = 14.4883  Fy = -0.0000
  step  48000  Fx = 14.4726  Fy = -0.0000
  step  48500  Fx = 14.5245  Fy = -0.0000
  step  49000  Fx = 14.4703  Fy = -0.0000
  step  49500  Fx = 14.4752  Fy = -0.0000
  step  50000  Fx = 14.5109  Fy = -0.0000
  step  50500  Fx = 14.4877  Fy = -0.0000
  step  51000  Fx = 14.4973  Fy = -0.0000
  step  51500  Fx = 14.4625  Fy = -0.0000
  step  52000  Fx = 14.5283  Fy = -0.0000
  step  52500  Fx = 14.4807  Fy = -0.0000
  step  53000  Fx = 14.4903  Fy = -0.0000
  step  53500  Fx = 14.4885  Fy = -0.0000
  step  54000  Fx = 14.5053  Fy = -0.0000
  step  54500  Fx = 14.5005  Fy = -0.0000
  step  55000  Fx = 14.4713  Fy = -0.0000
  step  55500  Fx = 14.5150  Fy = -0.0000
  step  56000  Fx = 14.4879  Fy = -0.0000
  step  56500  Fx = 14.5056  Fy = -0.0000
  step  57000  Fx = 14.4759  Fy = -0.0000
  step  57500  Fx = 14.5115  Fy = -0.0000
  step  58000  Fx = 14.4991  Fy = -0.0000
  step  58500  Fx = 14.4861  Fy = -0.0000
  step  59000  Fx = 14.5011  Fy = -0.0000
  step  59500  Fx = 14.4932  Fy = -0.0000
  step  60000  Fx = 14.5114  Fy = -0.0000
==============================================
 Orifice plate simulation complete.
  Re = 100.0000  config = 1p1h
  Steps = 60000
==============================================
