==============================================
 AK-Vortex: Orifice Plate
 D2Q9 | MRT | OpenMP | Cache-Optimized
==============================================
Re = 100  config = 3p  tau = 0.725  steps = 50000  hole_width = 37  LES(Cs=0.120000)
  Plate 1: x=200  holes_cy=225 
  Plate 2: x=400  holes_cy=75 
  Plate 3: x=600  holes_cy=225 
  step      0  Fx = 39.5000  Fy = 0.0000
  step    500  Fx = -5.0941  Fy = 0.0000
  step   1000  Fx = 3.4710  Fy = -0.0000
  step   1500  Fx = 20.8222  Fy = -0.0000
  step   2000  Fx = 23.0491  Fy = -0.0000
  step   2500  Fx = 15.0146  Fy = 0.0000
  step   3000  Fx = 6.5690  Fy = 0.0000
  step   3500  Fx = 14.0708  Fy = -0.0000
  step   4000  Fx = 23.3053  Fy = 0.0000
  step   4500  Fx = 28.1892  Fy = -0.0000
  step   5000  Fx = 23.8870  Fy = -0.0000
  step   5500  Fx = 20.2271  Fy = -0.0000
  step   6000  Fx = 21.0593  Fy = -0.0000
  step   6500  Fx = 26.1431  Fy = 0.0000
  step   7000  Fx = 30.3452  Fy = 0.0000
  step   7500  Fx = 29.6991  Fy = 0.0000
  step   8000  Fx = 28.5976  Fy = -0.0000
  step   8500  Fx = 27.9100  Fy = -0.0000
  step   9000  Fx = 31.3869  Fy = -0.0000
  step   9500  Fx = 33.1058  Fy = 0.0000
  step  10000  Fx = 34.8901  Fy = 0.0000
  step  10500  Fx = 34.3490  Fy = 0.0000
  step  11000  Fx = 34.5154  Fy = 0.0000
  step  11500  Fx = 35.0876  Fy = -0.0000
  step  12000  Fx = 36.7992  Fy = -0.0000
  step  12500  Fx = 38.8778  Fy = -0.0000
  step  13000  Fx = 38.7218  Fy = -0.0000
  step  13500  Fx = 39.3631  Fy = 0.0000
  step  14000  Fx = 39.3677  Fy = 0.0000
  step  14500  Fx = 41.4953  Fy = 0.0000
  step  15000  Fx = 41.5647  Fy = 0.0000
  step  15500  Fx = 42.6068  Fy = 0.0000
  step  16000  Fx = 42.9941  Fy = 0.0000
  step  16500  Fx = 44.0135  Fy = 0.0000
  step  17000  Fx = 44.4422  Fy = 0.0000
  step  17500  Fx = 44.9494  Fy = 0.0000
  step  18000  Fx = 46.2648  Fy = -0.0000
  step  18500  Fx = 46.2751  Fy = -0.0000
  step  19000  Fx = 47.1642  Fy = -0.0000
  step  19500  Fx = 47.3717  Fy = -0.0000
  step  20000  Fx = 49.0108  Fy = -0.0000
  step  20500  Fx = 48.7750  Fy = -0.0000
  step  21000  Fx = 49.3699  Fy = -0.0000
  step  21500  Fx = 49.9682  Fy = 0.0000
  step  22000  Fx = 50.9788  Fy = 0.0000
  step  22500  Fx = 51.2673  Fy = 0.0000
  step  23000  Fx = 51.3893  Fy = 0.0000
  step  23500  Fx = 52.6043  Fy = 0.0000
  step  24000  Fx = 52.7462  Fy = 0.0000
  step  24500  Fx = 53.3733  Fy = 0.0000
  step  25000  Fx = 53.4804  Fy = 0.0000
  step  25500  Fx = 54.8813  Fy = 0.0000
  step  26000  Fx = 54.7917  Fy = -0.0000
  step  26500  Fx = 55.0552  Fy = -0.0000
  step  27000  Fx = 55.6489  Fy = -0.0000
  step  27500  Fx = 56.5559  Fy = -0.0000
  step  28000  Fx = 56.8485  Fy = -0.0000
  step  28500  Fx = 56.7481  Fy = -0.0000
  step  29000  Fx = 57.8397  Fy = -0.0000
  step  29500  Fx = 58.0870  Fy = -0.0000
  step  30000  Fx = 58.4913  Fy = -0.0000
  step  30500  Fx = 58.5335  Fy = -0.0000
  step  31000  Fx = 59.7330  Fy = -0.0000
  step  31500  Fx = 59.8425  Fy = -0.0000
  step  32000  Fx = 59.8413  Fy = -0.0000
  step  32500  Fx = 60.3839  Fy = -0.0000
  step  33000  Fx = 61.1892  Fy = -0.0000
  step  33500  Fx = 61.5371  Fy = -0.0001
  step  34000  Fx = 61.2787  Fy = -0.0001
  step  34500  Fx = 62.2259  Fy = -0.0003
  step  35000  Fx = 62.5762  Fy = -0.0005
  step  35500  Fx = 62.8339  Fy = -0.0011
  step  36000  Fx = 62.8186  Fy = -0.0021
  step  36500  Fx = 63.8182  Fy = -0.0043
  step  37000  Fx = 64.1134  Fy = -0.0094
  step  37500  Fx = 63.9182  Fy = -0.0203
  step  38000  Fx = 64.3214  Fy = -0.0432
  step  38500  Fx = 64.8351  Fy = -0.0904
  step  39000  Fx = 64.9356  Fy = -0.1579
  step  39500  Fx = 64.5581  Fy = -0.1956
  step  40000  Fx = 65.0661  Fy = -0.1701
  step  40500  Fx = 65.2321  Fy = -0.0857
  step  41000  Fx = 65.4912  Fy = 0.0204
  step  41500  Fx = 65.3343  Fy = 0.1725
  step  42000  Fx = 65.3917  Fy = 0.4372
  step  42500  Fx = 64.9269  Fy = 0.5783
  step  43000  Fx = 64.4994  Fy = 0.6001
  step  43500  Fx = 65.2401  Fy = 0.5736
  step  44000  Fx = 65.7488  Fy = 0.5240
  step  44500  Fx = 65.5326  Fy = 0.5393
  step  45000  Fx = 64.5539  Fy = 0.6220
  step  45500  Fx = 65.0822  Fy = 0.7150
  step  46000  Fx = 66.3786  Fy = 0.7329
  step  46500  Fx = 68.0006  Fy = 0.6138
  step  47000  Fx = 68.0777  Fy = 0.5107
  step  47500  Fx = 67.7931  Fy = 0.5228
  step  48000  Fx = 66.7930  Fy = 0.5670
  step  48500  Fx = 65.0876  Fy = 0.5080
  step  49000  Fx = 69.2206  Fy = 0.4022
  step  49500  Fx = 70.3826  Fy = 0.2582
  step  50000  Fx = 69.2795  Fy = 0.1373
==============================================
 Orifice plate simulation complete.
  Re = 100.0000  config = 3p
  Steps = 50000
==============================================
