==============================================
 AK-Vortex: Orifice Plate
 D2Q9 | MRT | OpenMP | Cache-Optimized
==============================================
Re = 100  config = 1p3h  tau = 0.725  steps = 60000  hole_width = 37  LES(Cs=0.120000)
  Plate 1: x=400  holes_cy=75 150 225 
  step      0  Fx = 9.5000  Fy = 0.0000
  step    500  Fx = 0.8370  Fy = -0.0000
  step   1000  Fx = 0.8368  Fy = 0.0000
  step   1500  Fx = 1.0796  Fy = 0.0000
  step   2000  Fx = 0.9309  Fy = 0.0000
  step   2500  Fx = 1.0542  Fy = 0.0000
  step   3000  Fx = 0.6864  Fy = 0.0000
  step   3500  Fx = 1.1633  Fy = 0.0000
  step   4000  Fx = 0.9743  Fy = -0.0000
  step   4500  Fx = 1.0563  Fy = 0.0000
  step   5000  Fx = 0.8727  Fy = 0.0000
  step   5500  Fx = 1.0248  Fy = -0.0000
  step   6000  Fx = 1.0120  Fy = 0.0000
  step   6500  Fx = 0.8857  Fy = 0.0000
  step   7000  Fx = 0.8864  Fy = -0.0000
  step   7500  Fx = 0.8344  Fy = 0.0000
  step   8000  Fx = 1.0612  Fy = -0.0000
  step   8500  Fx = 0.9329  Fy = 0.0000
  step   9000  Fx = 1.0325  Fy = -0.0000
  step   9500  Fx = 0.8599  Fy = 0.0000
  step  10000  Fx = 0.9869  Fy = 0.0000
  step  10500  Fx = 0.9114  Fy = 0.0000
  step  11000  Fx = 0.9573  Fy = 0.0000
  step  11500  Fx = 0.9273  Fy = -0.0000
  step  12000  Fx = 0.9139  Fy = -0.0000
  step  12500  Fx = 0.9718  Fy = 0.0000
  step  13000  Fx = 0.9010  Fy = 0.0000
  step  13500  Fx = 0.9741  Fy = -0.0000
  step  14000  Fx = 0.8781  Fy = -0.0000
  step  14500  Fx = 0.9698  Fy = 0.0000
  step  15000  Fx = 0.8989  Fy = -0.0000
  step  15500  Fx = 0.9599  Fy = 0.0000
  step  16000  Fx = 0.9133  Fy = 0.0000
  step  16500  Fx = 0.9358  Fy = -0.0000
  step  17000  Fx = 0.9369  Fy = 0.0000
  step  17500  Fx = 0.9210  Fy = 0.0000
  step  18000  Fx = 0.9488  Fy = -0.0000
  step  18500  Fx = 0.9057  Fy = -0.0000
  step  19000  Fx = 0.9555  Fy = -0.0000
  step  19500  Fx = 0.9084  Fy = -0.0000
  step  20000  Fx = 0.9534  Fy = 0.0000
  step  20500  Fx = 0.9119  Fy = 0.0000
  step  21000  Fx = 0.9429  Fy = -0.0000
  step  21500  Fx = 0.9240  Fy = 0.0000
  step  22000  Fx = 0.9325  Fy = 0.0000
  step  22500  Fx = 0.9330  Fy = -0.0000
  step  23000  Fx = 0.9217  Fy = 0.0000
  step  23500  Fx = 0.9412  Fy = -0.0000
  step  24000  Fx = 0.9177  Fy = 0.0000
  step  24500  Fx = 0.9433  Fy = -0.0000
  step  25000  Fx = 0.9164  Fy = -0.0000
  step  25500  Fx = 0.9409  Fy = -0.0000
  step  26000  Fx = 0.9207  Fy = -0.0000
  step  26500  Fx = 0.9356  Fy = -0.0000
  step  27000  Fx = 0.9260  Fy = -0.0000
  step  27500  Fx = 0.9293  Fy = -0.0000
  step  28000  Fx = 0.9319  Fy = 0.0000
  step  28500  Fx = 0.9246  Fy = 0.0000
  step  29000  Fx = 0.9355  Fy = -0.0000
  step  29500  Fx = 0.9222  Fy = 0.0000
  step  30000  Fx = 0.9369  Fy = 0.0000
  step  30500  Fx = 0.9229  Fy = 0.0000
  step  31000  Fx = 0.9358  Fy = -0.0000
  step  31500  Fx = 0.9256  Fy = 0.0000
  step  32000  Fx = 0.9334  Fy = 0.0000
  step  32500  Fx = 0.9295  Fy = -0.0000
  step  33000  Fx = 0.9307  Fy = -0.0000
  step  33500  Fx = 0.9330  Fy = 0.0000
  step  34000  Fx = 0.9287  Fy = -0.0000
  step  34500  Fx = 0.9355  Fy = -0.0000
  step  35000  Fx = 0.9282  Fy = 0.0000
  step  35500  Fx = 0.9364  Fy = 0.0000
  step  36000  Fx = 0.9291  Fy = -0.0000
  step  36500  Fx = 0.9360  Fy = -0.0000
  step  37000  Fx = 0.9309  Fy = -0.0000
  step  37500  Fx = 0.9347  Fy = -0.0000
  step  38000  Fx = 0.9330  Fy = 0.0000
  step  38500  Fx = 0.9332  Fy = -0.0000
  step  39000  Fx = 0.9349  Fy = 0.0000
  step  39500  Fx = 0.9322  Fy = -0.0000
  step  40000  Fx = 0.9359  Fy = -0.0000
  step  40500  Fx = 0.9318  Fy = -0.0000
  step  41000  Fx = 0.9361  Fy = 0.0000
  step  41500  Fx = 0.9321  Fy = 0.0000
  step  42000  Fx = 0.9355  Fy = -0.0000
  step  42500  Fx = 0.9329  Fy = 0.0000
  step  43000  Fx = 0.9345  Fy = 0.0000
  step  43500  Fx = 0.9338  Fy = 0.0000
  step  44000  Fx = 0.9335  Fy = 0.0000
  step  44500  Fx = 0.9345  Fy = -0.0000
  step  45000  Fx = 0.9327  Fy = -0.0000
  step  45500  Fx = 0.9348  Fy = -0.0000
  step  46000  Fx = 0.9324  Fy = -0.0000
  step  46500  Fx = 0.9347  Fy = 0.0000
  step  47000  Fx = 0.9325  Fy = 0.0000
  step  47500  Fx = 0.9342  Fy = 0.0000
  step  48000  Fx = 0.9329  Fy = 0.0000
  step  48500  Fx = 0.9336  Fy = 0.0000
  step  49000  Fx = 0.9333  Fy = -0.0000
  step  49500  Fx = 0.9330  Fy = -0.0000
  step  50000  Fx = 0.9336  Fy = -0.0000
  step  50500  Fx = 0.9326  Fy = 0.0000
  step  51000  Fx = 0.9338  Fy = 0.0000
  step  51500  Fx = 0.9325  Fy = 0.0000
  step  52000  Fx = 0.9337  Fy = -0.0000
  step  52500  Fx = 0.9326  Fy = -0.0000
  step  53000  Fx = 0.9335  Fy = -0.0000
  step  53500  Fx = 0.9328  Fy = -0.0000
  step  54000  Fx = 0.9331  Fy = 0.0000
  step  54500  Fx = 0.9331  Fy = -0.0000
  step  55000  Fx = 0.9329  Fy = -0.0000
  step  55500  Fx = 0.9333  Fy = -0.0000
  step  56000  Fx = 0.9327  Fy = -0.0000
  step  56500  Fx = 0.9333  Fy = 0.0000
  step  57000  Fx = 0.9326  Fy = -0.0000
  step  57500  Fx = 0.9333  Fy = -0.0000
  step  58000  Fx = 0.9327  Fy = -0.0000
  step  58500  Fx = 0.9332  Fy = -0.0000
  step  59000  Fx = 0.9329  Fy = -0.0000
  step  59500  Fx = 0.9330  Fy = 0.0000
  step  60000  Fx = 0.9330  Fy = -0.0000
==============================================
 Orifice plate simulation complete.
  Re = 100.0000  config = 1p3h
  Steps = 60000
==============================================
