==============================================
 LBM-2D: Periodic Hills
 D2Q9 | MRT | OpenMP | Cache-Optimized
==============================================
Re = 1000  tau = 0.56  steps = 240000  H = 200  h_max = 33  h_max/H = 0.165  L = 1800
  step      0  Fx = 36.3161
  step   5000  Fx = nan
  step  10000  Fx = nan
  step  15000  Fx = nan
  step  20000  Fx = nan
  step  25000  Fx = nan
  step  30000  Fx = nan
  step  35000  Fx = nan
  step  40000  Fx = nan
  step  45000  Fx = nan
  step  50000  Fx = nan
  step  55000  Fx = nan
  step  60000  Fx = nan
  step  65000  Fx = nan
  step  70000  Fx = nan
  step  75000  Fx = nan
  step  80000  Fx = nan
  step  85000  Fx = nan
  step  90000  Fx = nan
  step  95000  Fx = nan
  step 100000  Fx = nan
  step 105000  Fx = nan
  step 110000  Fx = nan
  step 115000  Fx = nan
  step 120000  Fx = nan
  step 125000  Fx = nan
  step 130000  Fx = nan
  step 135000  Fx = nan
  step 140000  Fx = nan
  step 145000  Fx = nan
  step 150000  Fx = nan
  step 155000  Fx = nan
  step 160000  Fx = nan
  step 165000  Fx = nan
  step 170000  Fx = nan
  step 175000  Fx = nan
  step 180000  Fx = nan
  step 185000  Fx = nan
  step 190000  Fx = nan
  step 195000  Fx = nan
  step 200000  Fx = nan
  step 205000  Fx = nan
  step 210000  Fx = nan
  step 215000  Fx = nan
  step 220000  Fx = nan
  step 225000  Fx = nan
  step 230000  Fx = nan
  step 235000  Fx = nan
  step 240000  Fx = nan
==============================================
 Periodic hills simulation complete.
  Re = 1000.0000
  Steps = 240000
==============================================
