==============================================
 LBM-2D: Sports-Ball Surface Roughness
 D2Q9 | MRT | OpenMP | Cache-Optimized
==============================================
Re = 100  dimpled = yes  tau = 0.68  steps = 80000  D = 60  bumps = 16
  step      0  Cd = 56.2222  Cl = 0.0000
  step    500  Cd = 2.8160  Cl = -0.0000
  step   1000  Cd = 0.4599  Cl = -0.0000
  step   1500  Cd = 0.7048  Cl = -0.0000
  step   2000  Cd = 2.0172  Cl = 0.0000
  step   2500  Cd = 1.1608  Cl = 0.0000
  step   3000  Cd = 1.5896  Cl = 0.0000
  step   3500  Cd = 1.2646  Cl = 0.0000
  step   4000  Cd = 2.0518  Cl = -0.0000
  step   4500  Cd = 1.7561  Cl = 0.0000
  step   5000  Cd = 1.9539  Cl = -0.0000
  step   5500  Cd = 1.5978  Cl = -0.0000
  step   6000  Cd = 1.9500  Cl = -0.0000
  step   6500  Cd = 1.7329  Cl = 0.0000
  step   7000  Cd = 1.8968  Cl = 0.0000
  step   7500  Cd = 1.8608  Cl = 0.0000
  step   8000  Cd = 1.9332  Cl = -0.0000
  step   8500  Cd = 1.9620  Cl = 0.0000
  step   9000  Cd = 2.0077  Cl = -0.0000
  step   9500  Cd = 2.0043  Cl = -0.0000
  step  10000  Cd = 2.0034  Cl = 0.0000
  step  10500  Cd = 2.0074  Cl = 0.0000
  step  11000  Cd = 1.9644  Cl = 0.0000
  step  11500  Cd = 1.9806  Cl = 0.0000
  step  12000  Cd = 1.9448  Cl = 0.0000
  step  12500  Cd = 1.9545  Cl = -0.0000
  step  13000  Cd = 1.9186  Cl = 0.0000
  step  13500  Cd = 1.9320  Cl = 0.0000
  step  14000  Cd = 1.8942  Cl = 0.0000
  step  14500  Cd = 1.9028  Cl = 0.0000
  step  15000  Cd = 1.8686  Cl = -0.0000
  step  15500  Cd = 1.8736  Cl = -0.0000
  step  16000  Cd = 1.8506  Cl = -0.0000
  step  16500  Cd = 1.8588  Cl = -0.0000
  step  17000  Cd = 1.8472  Cl = 0.0000
  step  17500  Cd = 1.8594  Cl = 0.0000
  step  18000  Cd = 1.8574  Cl = 0.0000
  step  18500  Cd = 1.8691  Cl = -0.0000
  step  19000  Cd = 1.8704  Cl = -0.0000
  step  19500  Cd = 1.8783  Cl = -0.0000
  step  20000  Cd = 1.8796  Cl = -0.0000
  step  20500  Cd = 1.8846  Cl = 0.0000
  step  21000  Cd = 1.8870  Cl = 0.0000
  step  21500  Cd = 1.8912  Cl = 0.0000
  step  22000  Cd = 1.8952  Cl = -0.0000
  step  22500  Cd = 1.8992  Cl = -0.0000
  step  23000  Cd = 1.9037  Cl = -0.0000
  step  23500  Cd = 1.9070  Cl = -0.0000
  step  24000  Cd = 1.9107  Cl = 0.0000
  step  24500  Cd = 1.9123  Cl = 0.0000
  step  25000  Cd = 1.9145  Cl = 0.0000
  step  25500  Cd = 1.9146  Cl = -0.0000
  step  26000  Cd = 1.9153  Cl = -0.0000
  step  26500  Cd = 1.9140  Cl = -0.0000
  step  27000  Cd = 1.9134  Cl = -0.0000
  step  27500  Cd = 1.9114  Cl = 0.0000
  step  28000  Cd = 1.9102  Cl = 0.0000
  step  28500  Cd = 1.9082  Cl = 0.0000
  step  29000  Cd = 1.9070  Cl = -0.0000
  step  29500  Cd = 1.9055  Cl = -0.0000
  step  30000  Cd = 1.9046  Cl = -0.0000
  step  30500  Cd = 1.9036  Cl = -0.0000
  step  31000  Cd = 1.9030  Cl = 0.0000
  step  31500  Cd = 1.9022  Cl = 0.0000
  step  32000  Cd = 1.9017  Cl = 0.0000
  step  32500  Cd = 1.9010  Cl = -0.0000
  step  33000  Cd = 1.9004  Cl = -0.0000
  step  33500  Cd = 1.8999  Cl = -0.0000
  step  34000  Cd = 1.8995  Cl = -0.0000
  step  34500  Cd = 1.8991  Cl = 0.0000
  step  35000  Cd = 1.8989  Cl = 0.0000
  step  35500  Cd = 1.8989  Cl = 0.0000
  step  36000  Cd = 1.8990  Cl = -0.0000
  step  36500  Cd = 1.8993  Cl = -0.0000
  step  37000  Cd = 1.8996  Cl = -0.0000
  step  37500  Cd = 1.9001  Cl = -0.0000
  step  38000  Cd = 1.9006  Cl = 0.0000
  step  38500  Cd = 1.9012  Cl = 0.0000
  step  39000  Cd = 1.9016  Cl = 0.0000
  step  39500  Cd = 1.9021  Cl = -0.0000
  step  40000  Cd = 1.9024  Cl = -0.0000
  step  40500  Cd = 1.9028  Cl = -0.0000
  step  41000  Cd = 1.9030  Cl = -0.0000
  step  41500  Cd = 1.9032  Cl = 0.0000
  step  42000  Cd = 1.9033  Cl = 0.0000
  step  42500  Cd = 1.9034  Cl = 0.0000
  step  43000  Cd = 1.9035  Cl = -0.0000
  step  43500  Cd = 1.9035  Cl = -0.0000
  step  44000  Cd = 1.9034  Cl = -0.0000
  step  44500  Cd = 1.9034  Cl = -0.0000
  step  45000  Cd = 1.9033  Cl = 0.0000
  step  45500  Cd = 1.9032  Cl = 0.0000
  step  46000  Cd = 1.9030  Cl = 0.0000
  step  46500  Cd = 1.9029  Cl = -0.0000
  step  47000  Cd = 1.9027  Cl = -0.0000
  step  47500  Cd = 1.9025  Cl = -0.0000
  step  48000  Cd = 1.9024  Cl = -0.0000
  step  48500  Cd = 1.9022  Cl = 0.0000
  step  49000  Cd = 1.9021  Cl = 0.0000
  step  49500  Cd = 1.9020  Cl = 0.0000
  step  50000  Cd = 1.9020  Cl = -0.0000
  step  50500  Cd = 1.9019  Cl = -0.0000
  step  51000  Cd = 1.9019  Cl = -0.0000
  step  51500  Cd = 1.9019  Cl = -0.0000
  step  52000  Cd = 1.9020  Cl = 0.0000
  step  52500  Cd = 1.9020  Cl = 0.0000
  step  53000  Cd = 1.9021  Cl = 0.0000
  step  53500  Cd = 1.9021  Cl = -0.0000
  step  54000  Cd = 1.9021  Cl = -0.0000
  step  54500  Cd = 1.9022  Cl = -0.0000
  step  55000  Cd = 1.9022  Cl = -0.0000
  step  55500  Cd = 1.9023  Cl = 0.0000
  step  56000  Cd = 1.9023  Cl = 0.0000
  step  56500  Cd = 1.9023  Cl = 0.0000
  step  57000  Cd = 1.9023  Cl = -0.0000
  step  57500  Cd = 1.9024  Cl = -0.0000
  step  58000  Cd = 1.9024  Cl = -0.0000
  step  58500  Cd = 1.9024  Cl = -0.0000
  step  59000  Cd = 1.9024  Cl = 0.0000
  step  59500  Cd = 1.9024  Cl = 0.0000
  step  60000  Cd = 1.9024  Cl = 0.0000
  step  60500  Cd = 1.9024  Cl = -0.0000
  step  61000  Cd = 1.9024  Cl = -0.0000
  step  61500  Cd = 1.9024  Cl = -0.0000
  step  62000  Cd = 1.9024  Cl = -0.0000
  step  62500  Cd = 1.9024  Cl = 0.0000
  step  63000  Cd = 1.9024  Cl = 0.0000
  step  63500  Cd = 1.9024  Cl = 0.0000
  step  64000  Cd = 1.9024  Cl = -0.0000
  step  64500  Cd = 1.9023  Cl = -0.0000
  step  65000  Cd = 1.9023  Cl = -0.0000
  step  65500  Cd = 1.9023  Cl = 0.0000
  step  66000  Cd = 1.9023  Cl = 0.0000
  step  66500  Cd = 1.9023  Cl = 0.0000
  step  67000  Cd = 1.9023  Cl = 0.0000
  step  67500  Cd = 1.9023  Cl = -0.0000
  step  68000  Cd = 1.9023  Cl = -0.0000
  step  68500  Cd = 1.9023  Cl = -0.0000
  step  69000  Cd = 1.9023  Cl = 0.0000
  step  69500  Cd = 1.9023  Cl = 0.0000
  step  70000  Cd = 1.9023  Cl = 0.0000
  step  70500  Cd = 1.9023  Cl = 0.0000
  step  71000  Cd = 1.9023  Cl = -0.0000
  step  71500  Cd = 1.9023  Cl = -0.0000
  step  72000  Cd = 1.9023  Cl = -0.0000
  step  72500  Cd = 1.9023  Cl = 0.0000
  step  73000  Cd = 1.9023  Cl = 0.0000
  step  73500  Cd = 1.9023  Cl = 0.0000
  step  74000  Cd = 1.9023  Cl = 0.0000
  step  74500  Cd = 1.9023  Cl = -0.0000
  step  75000  Cd = 1.9023  Cl = -0.0000
  step  75500  Cd = 1.9023  Cl = -0.0000
  step  76000  Cd = 1.9023  Cl = 0.0000
  step  76500  Cd = 1.9023  Cl = 0.0000
  step  77000  Cd = 1.9023  Cl = 0.0000
  step  77500  Cd = 1.9023  Cl = 0.0000
  step  78000  Cd = 1.9023  Cl = -0.0000
  step  78500  Cd = 1.9023  Cl = -0.0000
  step  79000  Cd = 1.9023  Cl = -0.0000
  step  79500  Cd = 1.9023  Cl = 0.0000
  step  80000  Cd = 1.9023  Cl = 0.0000
==============================================
 Sports-ball simulation complete.
  Re = 100.0000  dimpled = yes
  Steps = 80000
==============================================
