==============================================
 LBM-2D: Sports-Ball Surface Roughness
 D2Q9 | MRT | OpenMP | Cache-Optimized
==============================================
Re = 100  dimpled = no  tau = 0.68  steps = 80000  D = 60  bumps = 16
  step      0  Cd = 46.0000  Cl = 0.0000
  step    500  Cd = 2.6037  Cl = -0.0000
  step   1000  Cd = 0.5217  Cl = -0.0000
  step   1500  Cd = 0.7238  Cl = -0.0000
  step   2000  Cd = 1.9175  Cl = 0.0000
  step   2500  Cd = 1.0750  Cl = 0.0000
  step   3000  Cd = 1.4553  Cl = -0.0000
  step   3500  Cd = 1.1226  Cl = -0.0000
  step   4000  Cd = 1.8604  Cl = -0.0000
  step   4500  Cd = 1.5415  Cl = -0.0000
  step   5000  Cd = 1.7485  Cl = -0.0000
  step   5500  Cd = 1.4064  Cl = -0.0000
  step   6000  Cd = 1.7569  Cl = 0.0000
  step   6500  Cd = 1.5128  Cl = 0.0000
  step   7000  Cd = 1.7133  Cl = 0.0000
  step   7500  Cd = 1.6308  Cl = -0.0000
  step   8000  Cd = 1.7436  Cl = -0.0000
  step   8500  Cd = 1.7261  Cl = -0.0000
  step   9000  Cd = 1.8123  Cl = 0.0000
  step   9500  Cd = 1.7736  Cl = 0.0000
  step  10000  Cd = 1.8097  Cl = 0.0000
  step  10500  Cd = 1.7820  Cl = -0.0000
  step  11000  Cd = 1.7730  Cl = -0.0000
  step  11500  Cd = 1.7631  Cl = -0.0000
  step  12000  Cd = 1.7531  Cl = 0.0000
  step  12500  Cd = 1.7474  Cl = 0.0000
  step  13000  Cd = 1.7337  Cl = -0.0000
  step  13500  Cd = 1.7367  Cl = 0.0000
  step  14000  Cd = 1.7156  Cl = 0.0000
  step  14500  Cd = 1.7173  Cl = 0.0000
  step  15000  Cd = 1.6926  Cl = -0.0000
  step  15500  Cd = 1.6923  Cl = -0.0000
  step  16000  Cd = 1.6716  Cl = -0.0000
  step  16500  Cd = 1.6747  Cl = 0.0000
  step  17000  Cd = 1.6604  Cl = 0.0000
  step  17500  Cd = 1.6679  Cl = 0.0000
  step  18000  Cd = 1.6609  Cl = -0.0000
  step  18500  Cd = 1.6702  Cl = -0.0000
  step  19000  Cd = 1.6677  Cl = -0.0000
  step  19500  Cd = 1.6767  Cl = 0.0000
  step  20000  Cd = 1.6765  Cl = 0.0000
  step  20500  Cd = 1.6845  Cl = 0.0000
  step  21000  Cd = 1.6859  Cl = -0.0000
  step  21500  Cd = 1.6931  Cl = -0.0000
  step  22000  Cd = 1.6959  Cl = -0.0000
  step  22500  Cd = 1.7023  Cl = -0.0000
  step  23000  Cd = 1.7056  Cl = 0.0000
  step  23500  Cd = 1.7106  Cl = 0.0000
  step  24000  Cd = 1.7133  Cl = 0.0000
  step  24500  Cd = 1.7164  Cl = -0.0000
  step  25000  Cd = 1.7177  Cl = -0.0000
  step  25500  Cd = 1.7186  Cl = -0.0000
  step  26000  Cd = 1.7184  Cl = -0.0000
  step  26500  Cd = 1.7176  Cl = 0.0000
  step  27000  Cd = 1.7163  Cl = 0.0000
  step  27500  Cd = 1.7146  Cl = 0.0000
  step  28000  Cd = 1.7129  Cl = -0.0000
  step  28500  Cd = 1.7108  Cl = -0.0000
  step  29000  Cd = 1.7091  Cl = -0.0000
  step  29500  Cd = 1.7070  Cl = 0.0000
  step  30000  Cd = 1.7054  Cl = 0.0000
  step  30500  Cd = 1.7036  Cl = 0.0000
  step  31000  Cd = 1.7021  Cl = 0.0000
  step  31500  Cd = 1.7005  Cl = -0.0000
  step  32000  Cd = 1.6994  Cl = -0.0000
  step  32500  Cd = 1.6983  Cl = -0.0000
  step  33000  Cd = 1.6976  Cl = 0.0000
  step  33500  Cd = 1.6970  Cl = 0.0000
  step  34000  Cd = 1.6968  Cl = 0.0000
  step  34500  Cd = 1.6968  Cl = -0.0000
  step  35000  Cd = 1.6970  Cl = -0.0000
  step  35500  Cd = 1.6974  Cl = -0.0000
  step  36000  Cd = 1.6980  Cl = -0.0000
  step  36500  Cd = 1.6987  Cl = 0.0000
  step  37000  Cd = 1.6996  Cl = 0.0000
  step  37500  Cd = 1.7004  Cl = 0.0000
  step  38000  Cd = 1.7014  Cl = -0.0000
  step  38500  Cd = 1.7022  Cl = -0.0000
  step  39000  Cd = 1.7030  Cl = -0.0000
  step  39500  Cd = 1.7037  Cl = 0.0000
  step  40000  Cd = 1.7044  Cl = 0.0000
  step  40500  Cd = 1.7049  Cl = 0.0000
  step  41000  Cd = 1.7052  Cl = 0.0000
  step  41500  Cd = 1.7055  Cl = -0.0000
  step  42000  Cd = 1.7056  Cl = -0.0000
  step  42500  Cd = 1.7056  Cl = -0.0000
  step  43000  Cd = 1.7055  Cl = 0.0000
  step  43500  Cd = 1.7053  Cl = 0.0000
  step  44000  Cd = 1.7050  Cl = 0.0000
  step  44500  Cd = 1.7047  Cl = -0.0000
  step  45000  Cd = 1.7043  Cl = -0.0000
  step  45500  Cd = 1.7039  Cl = -0.0000
  step  46000  Cd = 1.7035  Cl = -0.0000
  step  46500  Cd = 1.7031  Cl = 0.0000
  step  47000  Cd = 1.7027  Cl = 0.0000
  step  47500  Cd = 1.7024  Cl = 0.0000
  step  48000  Cd = 1.7021  Cl = -0.0000
  step  48500  Cd = 1.7019  Cl = -0.0000
  step  49000  Cd = 1.7018  Cl = -0.0000
  step  49500  Cd = 1.7017  Cl = 0.0000
  step  50000  Cd = 1.7016  Cl = 0.0000
  step  50500  Cd = 1.7017  Cl = 0.0000
  step  51000  Cd = 1.7017  Cl = 0.0000
  step  51500  Cd = 1.7018  Cl = -0.0000
  step  52000  Cd = 1.7020  Cl = -0.0000
  step  52500  Cd = 1.7021  Cl = -0.0000
  step  53000  Cd = 1.7023  Cl = 0.0000
  step  53500  Cd = 1.7024  Cl = 0.0000
  step  54000  Cd = 1.7026  Cl = 0.0000
  step  54500  Cd = 1.7028  Cl = -0.0000
  step  55000  Cd = 1.7029  Cl = -0.0000
  step  55500  Cd = 1.7030  Cl = -0.0000
  step  56000  Cd = 1.7031  Cl = -0.0000
  step  56500  Cd = 1.7032  Cl = 0.0000
  step  57000  Cd = 1.7033  Cl = 0.0000
  step  57500  Cd = 1.7033  Cl = 0.0000
  step  58000  Cd = 1.7033  Cl = -0.0000
  step  58500  Cd = 1.7033  Cl = -0.0000
  step  59000  Cd = 1.7033  Cl = -0.0000
  step  59500  Cd = 1.7033  Cl = 0.0000
  step  60000  Cd = 1.7032  Cl = 0.0000
  step  60500  Cd = 1.7032  Cl = 0.0000
  step  61000  Cd = 1.7031  Cl = 0.0000
  step  61500  Cd = 1.7030  Cl = -0.0000
  step  62000  Cd = 1.7030  Cl = -0.0000
  step  62500  Cd = 1.7029  Cl = -0.0000
  step  63000  Cd = 1.7028  Cl = 0.0000
  step  63500  Cd = 1.7028  Cl = 0.0000
  step  64000  Cd = 1.7027  Cl = 0.0000
  step  64500  Cd = 1.7027  Cl = 0.0000
  step  65000  Cd = 1.7027  Cl = -0.0000
  step  65500  Cd = 1.7027  Cl = -0.0000
  step  66000  Cd = 1.7026  Cl = -0.0000
  step  66500  Cd = 1.7026  Cl = 0.0000
  step  67000  Cd = 1.7026  Cl = 0.0000
  step  67500  Cd = 1.7027  Cl = 0.0000
  step  68000  Cd = 1.7027  Cl = -0.0000
  step  68500  Cd = 1.7027  Cl = -0.0000
  step  69000  Cd = 1.7027  Cl = -0.0000
  step  69500  Cd = 1.7028  Cl = -0.0000
  step  70000  Cd = 1.7028  Cl = 0.0000
  step  70500  Cd = 1.7028  Cl = 0.0000
  step  71000  Cd = 1.7029  Cl = 0.0000
  step  71500  Cd = 1.7029  Cl = -0.0000
  step  72000  Cd = 1.7029  Cl = -0.0000
  step  72500  Cd = 1.7029  Cl = -0.0000
  step  73000  Cd = 1.7029  Cl = 0.0000
  step  73500  Cd = 1.7029  Cl = 0.0000
  step  74000  Cd = 1.7029  Cl = 0.0000
  step  74500  Cd = 1.7029  Cl = 0.0000
  step  75000  Cd = 1.7029  Cl = -0.0000
  step  75500  Cd = 1.7029  Cl = -0.0000
  step  76000  Cd = 1.7029  Cl = -0.0000
  step  76500  Cd = 1.7029  Cl = 0.0000
  step  77000  Cd = 1.7029  Cl = 0.0000
  step  77500  Cd = 1.7029  Cl = 0.0000
  step  78000  Cd = 1.7029  Cl = -0.0000
  step  78500  Cd = 1.7029  Cl = -0.0000
  step  79000  Cd = 1.7029  Cl = -0.0000
  step  79500  Cd = 1.7028  Cl = -0.0000
  step  80000  Cd = 1.7028  Cl = 0.0000
==============================================
 Sports-ball simulation complete.
  Re = 100.0000  dimpled = no
  Steps = 80000
==============================================
