==============================================
 LBM-2D: Side-by-Side Cylinders
 D2Q9 | MRT | OpenMP | Cache-Optimized
==============================================
Re = 100  S/D = 3  tau = 0.62  steps = 20000  D = 40  spacing = 120
  step      0  Cd = 29.1629  Cl = 0.0007
  step    500  Cd = 2.6236  Cl = 0.0240
  step   1000  Cd = 3.2260  Cl = 0.3460
  step   1500  Cd = 2.8659  Cl = 0.0523
  step   2000  Cd = 2.0455  Cl = -0.0686
  step   2500  Cd = 3.0796  Cl = -0.0875
  step   3000  Cd = 2.2561  Cl = 0.1138
  step   3500  Cd = 2.6245  Cl = 0.2559
  step   4000  Cd = 3.0460  Cl = -0.0042
  step   4500  Cd = 2.8739  Cl = -0.0392
  step   5000  Cd = 2.9673  Cl = 0.3167
  step   5500  Cd = 2.6874  Cl = 0.1589
  step   6000  Cd = 2.7558  Cl = -0.2332
  step   6500  Cd = 2.7358  Cl = 0.1874
  step   7000  Cd = 2.7185  Cl = 0.3641
  step   7500  Cd = 2.7414  Cl = -0.2533
  step   8000  Cd = 2.6818  Cl = -0.1028
  step   8500  Cd = 2.5613  Cl = 0.4977
  step   9000  Cd = 2.5957  Cl = 0.0155
  step   9500  Cd = 2.7416  Cl = -0.3457
  step  10000  Cd = 2.5216  Cl = 0.3630
  step  10500  Cd = 2.7330  Cl = 0.3781
  step  11000  Cd = 2.5415  Cl = -0.3793
  step  11500  Cd = 2.7053  Cl = -0.0073
  step  12000  Cd = 2.4206  Cl = 0.5574
  step  12500  Cd = 2.6547  Cl = -0.1457
  step  13000  Cd = 2.6046  Cl = -0.3284
  step  13500  Cd = 2.5064  Cl = 0.5239
  step  14000  Cd = 2.6569  Cl = 0.2641
  step  14500  Cd = 2.6118  Cl = -0.4786
  step  15000  Cd = 2.5763  Cl = 0.1662
  step  15500  Cd = 2.5683  Cl = 0.5917
  step  16000  Cd = 2.5785  Cl = -0.2924
  step  16500  Cd = 2.5782  Cl = -0.2623
  step  17000  Cd = 2.4297  Cl = 0.6044
  step  17500  Cd = 2.5504  Cl = 0.0767
  step  18000  Cd = 2.5557  Cl = -0.5367
  step  18500  Cd = 2.4563  Cl = 0.2918
  step  19000  Cd = 2.5831  Cl = 0.5247
  step  19500  Cd = 2.6229  Cl = -0.4091
  step  20000  Cd = 2.5361  Cl = -0.1142
==============================================
 Side-by-side cylinders simulation complete.
  Re = 100.0000  S/D = 3.0000
  Steps = 20000
==============================================
