==============================================
 LBM-2D: Side-by-Side Cylinders
 D2Q9 | MRT | OpenMP | Cache-Optimized
==============================================
Re = 100  S/D = 5  tau = 0.62  steps = 20000  D = 40  spacing = 200
  step      0  Cd = 29.1626  Cl = -0.0002
  step    500  Cd = 2.8012  Cl = -0.0815
  step   1000  Cd = 2.0530  Cl = -0.4128
  step   1500  Cd = 2.0290  Cl = -0.1625
  step   2000  Cd = 2.2744  Cl = 0.1013
  step   2500  Cd = 3.2183  Cl = 0.0848
  step   3000  Cd = 2.2787  Cl = -0.3468
  step   3500  Cd = 2.4087  Cl = -0.2544
  step   4000  Cd = 2.8970  Cl = 0.1472
  step   4500  Cd = 2.7754  Cl = -0.2285
  step   5000  Cd = 2.8917  Cl = -0.5198
  step   5500  Cd = 2.8309  Cl = 0.0979
  step   6000  Cd = 2.7239  Cl = 0.0687
  step   6500  Cd = 2.7898  Cl = -0.5601
  step   7000  Cd = 2.8039  Cl = -0.0937
  step   7500  Cd = 2.7586  Cl = 0.3451
  step   8000  Cd = 2.6082  Cl = -0.3564
  step   8500  Cd = 2.5084  Cl = -0.4565
  step   9000  Cd = 2.7009  Cl = 0.3564
  step   9500  Cd = 2.7434  Cl = 0.0387
  step  10000  Cd = 2.4649  Cl = -0.6951
  step  10500  Cd = 2.8874  Cl = 0.0225
  step  11000  Cd = 2.6871  Cl = 0.3896
  step  11500  Cd = 2.6314  Cl = -0.5952
  step  12000  Cd = 2.7181  Cl = -0.4496
  step  12500  Cd = 2.6688  Cl = 0.4394
  step  13000  Cd = 2.5435  Cl = -0.1485
  step  13500  Cd = 2.4851  Cl = -0.7920
  step  14000  Cd = 2.4916  Cl = 0.1937
  step  14500  Cd = 2.5595  Cl = 0.4623
  step  15000  Cd = 2.4031  Cl = -0.6352
  step  15500  Cd = 2.4128  Cl = -0.5440
  step  16000  Cd = 2.5170  Cl = 0.4237
  step  16500  Cd = 2.4577  Cl = 0.0107
  step  17000  Cd = 2.4599  Cl = -0.8228
  step  17500  Cd = 2.4946  Cl = -0.1844
  step  18000  Cd = 2.5683  Cl = 0.3366
  step  18500  Cd = 2.7554  Cl = -0.4578
  step  19000  Cd = 2.8157  Cl = -0.7751
  step  19500  Cd = 2.7229  Cl = 0.1922
  step  20000  Cd = 2.7146  Cl = 0.0397
==============================================
 Side-by-side cylinders simulation complete.
  Re = 100.0000  S/D = 5.0000
  Steps = 20000
==============================================
