==============================================
 LBM-2D: Side-by-Side Cylinders
 D2Q9 | MRT | OpenMP | Cache-Optimized
==============================================
Re = 100  S/D = 2  tau = 0.62  steps = 20000  D = 40  spacing = 80
  step      0  Cd = 29.1625  Cl = -0.0004
  step    500  Cd = 3.1527  Cl = 0.1929
  step   1000  Cd = 1.4554  Cl = 0.6434
  step   1500  Cd = 2.1856  Cl = 0.1265
  step   2000  Cd = 1.9892  Cl = -0.2000
  step   2500  Cd = 2.9853  Cl = 0.2120
  step   3000  Cd = 2.3812  Cl = 0.5433
  step   3500  Cd = 2.6103  Cl = 0.0716
  step   4000  Cd = 2.8611  Cl = -0.0500
  step   4500  Cd = 2.7806  Cl = 0.5216
  step   5000  Cd = 3.0792  Cl = 0.4707
  step   5500  Cd = 2.9597  Cl = -0.1444
  step   6000  Cd = 2.6906  Cl = 0.1543
  step   6500  Cd = 2.9291  Cl = 0.7743
  step   7000  Cd = 2.8680  Cl = 0.1833
  step   7500  Cd = 2.7068  Cl = -0.3062
  step   8000  Cd = 2.7037  Cl = 0.2340
  step   8500  Cd = 2.7377  Cl = 0.6539
  step   9000  Cd = 2.7405  Cl = 0.1082
  step   9500  Cd = 2.9080  Cl = -0.2544
  step  10000  Cd = 2.7100  Cl = 0.5151
  step  10500  Cd = 2.8549  Cl = 0.6267
  step  11000  Cd = 3.0989  Cl = -0.2020
  step  11500  Cd = 2.6705  Cl = 0.3844
  step  12000  Cd = 2.8749  Cl = 0.5175
  step  12500  Cd = 2.8376  Cl = 0.0113
  step  13000  Cd = 2.7699  Cl = 0.2358
  step  13500  Cd = 2.7231  Cl = 0.3204
  step  14000  Cd = 2.8563  Cl = 0.0028
  step  14500  Cd = 2.8950  Cl = 0.1458
  step  15000  Cd = 2.7084  Cl = 0.5247
  step  15500  Cd = 2.8526  Cl = 0.2074
  step  16000  Cd = 2.8469  Cl = -0.0150
  step  16500  Cd = 2.6678  Cl = 0.4458
  step  17000  Cd = 2.9150  Cl = 0.4891
  step  17500  Cd = 3.0452  Cl = 0.0132
  step  18000  Cd = 2.6079  Cl = 0.2091
  step  18500  Cd = 2.5409  Cl = 0.6476
  step  19000  Cd = 3.1088  Cl = 0.2407
  step  19500  Cd = 2.8312  Cl = -0.1481
  step  20000  Cd = 2.6472  Cl = 0.3794
==============================================
 Side-by-side cylinders simulation complete.
  Re = 100.0000  S/D = 2.0000
  Steps = 20000
==============================================
