Mode: topdown_h  Re = 100  tau = 0.74  steps = 135000  u_ref = 0.1
  step      0  Fx = 105.7333
  step   2000  Fx = 3.0011
  step   4000  Fx = 2.0315
  step   6000  Fx = 1.7122
  step   8000  Fx = 1.9864
  step  10000  Fx = 1.9476
  step  12000  Fx = 1.8453
  step  14000  Fx = 1.9688
  step  16000  Fx = 1.9650
  step  18000  Fx = 1.9636
  step  20000  Fx = 1.9546
  step  22000  Fx = 1.9243
  step  24000  Fx = 1.9333
  step  26000  Fx = 1.9419
  step  28000  Fx = 1.9588
  step  30000  Fx = 1.9856
  step  32000  Fx = 1.9991
  step  34000  Fx = 2.0048
  step  36000  Fx = 2.0040
  step  38000  Fx = 2.0012
  step  40000  Fx = 2.0029
  step  42000  Fx = 2.0075
  step  44000  Fx = 2.0160
  step  46000  Fx = 2.0273
  step  48000  Fx = 2.0389
  step  50000  Fx = 2.0493
  step  52000  Fx = 2.0574
  step  54000  Fx = 2.0631
  step  56000  Fx = 2.0675
  step  58000  Fx = 2.0718
  step  60000  Fx = 2.0769
  step  62000  Fx = 2.0836
  step  64000  Fx = 2.0916
  step  66000  Fx = 2.1006
  step  68000  Fx = 2.1098
  step  70000  Fx = 2.1183
  step  72000  Fx = 2.1258
  step  74000  Fx = 2.1323
  step  76000  Fx = 2.1384
  step  78000  Fx = 2.1445
  step  80000  Fx = 2.1511
  step  82000  Fx = 2.1585
  step  84000  Fx = 2.1666
  step  86000  Fx = 2.1749
  step  88000  Fx = 2.1832
  step  90000  Fx = 2.1911
  step  92000  Fx = 2.1986
  step  94000  Fx = 2.2057
  step  96000  Fx = 2.2126
  step  98000  Fx = 2.2198
  step 100000  Fx = 2.2272
  step 102000  Fx = 2.2350
  step 104000  Fx = 2.2430
  step 106000  Fx = 2.2511
  step 108000  Fx = 2.2592
  step 110000  Fx = 2.2671
  step 112000  Fx = 2.2747
  step 114000  Fx = 2.2823
  step 116000  Fx = 2.2899
  step 118000  Fx = 2.2976
  step 120000  Fx = 2.3055
  step 122000  Fx = 2.3135
  step 124000  Fx = 2.3216
  step 126000  Fx = 2.3298
  step 128000  Fx = 2.3379
  step 130000  Fx = 2.3460
  step 132000  Fx = 2.3540
  step 134000  Fx = 2.3619
==============================================
 Urban canyon simulation complete.
  Mode: topdown_h
  Re = 100.0000
  Steps = 135000
==============================================
