Mode: topdown  Re = 100  tau = 0.74  steps = 135000  u_ref = 0.1
  step      0  Fx = 195.7333
  step   2000  Fx = 19.9256
  step   4000  Fx = 23.4496
  step   6000  Fx = 8.8879
  step   8000  Fx = 12.2399
  step  10000  Fx = 10.7619
  step  12000  Fx = 14.9975
  step  14000  Fx = 12.4303
  step  16000  Fx = 24.2280
  step  18000  Fx = 19.7320
  step  20000  Fx = 32.3249
  step  22000  Fx = 14.9712
  step  24000  Fx = 37.0893
  step  26000  Fx = 11.8713
  step  28000  Fx = 43.0462
  step  30000  Fx = 14.1260
  step  32000  Fx = 21.9775
  step  34000  Fx = -1.1132
  step  36000  Fx = 23.3399
  step  38000  Fx = 9.8538
  step  40000  Fx = 13.7101
  step  42000  Fx = 27.2452
  step  44000  Fx = 8.2213
  step  46000  Fx = 40.4760
  step  48000  Fx = 20.8465
  step  50000  Fx = 37.1582
  step  52000  Fx = 38.9245
  step  54000  Fx = 23.3574
  step  56000  Fx = 54.7294
  step  58000  Fx = 12.1035
  step  60000  Fx = 52.4517
  step  62000  Fx = 34.1273
  step  64000  Fx = 19.0621
  step  66000  Fx = 32.1172
  step  68000  Fx = 4.1070
  step  70000  Fx = 30.2542
  step  72000  Fx = 9.1406
  step  74000  Fx = 20.6546
  step  76000  Fx = 39.2398
  step  78000  Fx = 22.8290
  step  80000  Fx = 63.9352
  step  82000  Fx = 26.1992
  step  84000  Fx = 47.8400
  step  86000  Fx = 44.3694
  step  88000  Fx = 36.1837
  step  90000  Fx = 69.8896
  step  92000  Fx = 26.1894
  step  94000  Fx = 43.1969
  step  96000  Fx = 5.5406
  step  98000  Fx = 31.9083
  step 100000  Fx = 28.5528
  step 102000  Fx = 13.5966
  step 104000  Fx = 42.9743
  step 106000  Fx = 10.8351
  step 108000  Fx = 55.4302
  step 110000  Fx = 41.7763
  step 112000  Fx = 46.4083
  step 114000  Fx = 79.5690
  step 116000  Fx = 27.8001
  step 118000  Fx = 80.6742
  step 120000  Fx = 19.5595
  step 122000  Fx = 76.0445
  step 124000  Fx = 59.3277
  step 126000  Fx = 23.9288
  step 128000  Fx = 55.7291
  step 130000  Fx = 2.7003
  step 132000  Fx = 48.7010
  step 134000  Fx = 17.0958
==============================================
 Urban canyon simulation complete.
  Mode: topdown
  Re = 100.0000
  Steps = 135000
==============================================
