Mode: side  Re = 100  tau = 0.74  steps = 180000  u_ref = 0.1  H/W = 0.5  n_bldg = 2  H = 80  W = 160  W_bldg = 96
  step      0  Fx = 91.4000
  step   2000  Fx = 3.3252
  step   4000  Fx = 1.8092
  step   6000  Fx = 1.6204
  step   8000  Fx = 1.5167
  step  10000  Fx = 1.5995
  step  12000  Fx = 0.9139
  step  14000  Fx = 1.6219
  step  16000  Fx = 0.5916
  step  18000  Fx = 2.0889
  step  20000  Fx = 0.9011
  step  22000  Fx = 1.9906
  step  24000  Fx = 0.6447
  step  26000  Fx = 2.1302
  step  28000  Fx = 0.8415
  step  30000  Fx = 2.2063
  step  32000  Fx = 0.8993
  step  34000  Fx = 2.0338
  step  36000  Fx = 1.0881
  step  38000  Fx = 1.7815
  step  40000  Fx = 1.3014
  step  42000  Fx = 1.3615
  step  44000  Fx = 1.4657
  step  46000  Fx = 0.8415
  step  48000  Fx = 1.6619
  step  50000  Fx = 0.3392
  step  52000  Fx = 1.8897
  step  54000  Fx = -0.1044
  step  56000  Fx = 2.2334
  step  58000  Fx = -0.4162
  step  60000  Fx = 2.7669
  step  62000  Fx = -0.5647
  step  64000  Fx = 3.4730
  step  66000  Fx = -0.5059
  step  68000  Fx = 4.2342
  step  70000  Fx = -0.2078
  step  72000  Fx = 4.8192
  step  74000  Fx = 0.3128
  step  76000  Fx = 4.8778
  step  78000  Fx = 1.0121
  step  80000  Fx = 4.0727
  step  82000  Fx = 1.7593
  step  84000  Fx = 2.7271
  step  86000  Fx = 2.2825
  step  88000  Fx = 1.1474
  step  90000  Fx = 2.4077
  step  92000  Fx = -0.4359
  step  94000  Fx = 2.2719
  step  96000  Fx = -2.1670
  step  98000  Fx = 2.1116
  step 100000  Fx = -2.8639
  step 102000  Fx = 2.0394
  step 104000  Fx = -3.0917
  step 106000  Fx = 1.9900
  step 108000  Fx = -3.3439
  step 110000  Fx = 2.3928
  step 112000  Fx = -3.3398
  step 114000  Fx = 3.3765
  step 116000  Fx = -3.1990
  step 118000  Fx = 4.7199
  step 120000  Fx = -2.9635
  step 122000  Fx = 6.2087
  step 124000  Fx = -2.4550
  step 126000  Fx = 7.5264
  step 128000  Fx = -1.5883
  step 130000  Fx = 8.5726
  step 132000  Fx = -0.5876
  step 134000  Fx = 9.1906
  step 136000  Fx = 0.3145
  step 138000  Fx = 9.2575
  step 140000  Fx = 1.2089
  step 142000  Fx = 7.3709
  step 144000  Fx = 2.1812
  step 146000  Fx = 5.2313
  step 148000  Fx = 2.9901
  step 150000  Fx = 3.0807
  step 152000  Fx = 3.3613
  step 154000  Fx = 1.0930
  step 156000  Fx = 3.2779
  step 158000  Fx = -0.6398
  step 160000  Fx = 3.0088
  step 162000  Fx = -2.1383
  step 164000  Fx = 2.6694
  step 166000  Fx = -3.9522
  step 168000  Fx = 2.5409
  step 170000  Fx = -4.3255
  step 172000  Fx = 2.4591
  step 174000  Fx = -4.1434
  step 176000  Fx = 2.3259
  step 178000  Fx = -4.2292
  step 180000  Fx = 2.3930
==============================================
 Urban canyon simulation complete.
  Mode: side
  Re = 100.0000
  H/W = 0.5000  Buildings: 2
  Steps = 180000
==============================================
