Mode: side  Re = 100  tau = 0.74  steps = 180000  u_ref = 0.1  H/W = 0.3  n_bldg = 2  H = 80  W = 266  W_bldg = 96
  step      0  Fx = 91.4000
  step   2000  Fx = 0.7379
  step   4000  Fx = 1.0367
  step   6000  Fx = 0.9191
  step   8000  Fx = 1.4733
  step  10000  Fx = 1.9438
  step  12000  Fx = 1.9543
  step  14000  Fx = 2.1925
  step  16000  Fx = 1.0042
  step  18000  Fx = 1.2835
  step  20000  Fx = 0.7314
  step  22000  Fx = 1.5641
  step  24000  Fx = 1.1416
  step  26000  Fx = 2.3541
  step  28000  Fx = 1.2675
  step  30000  Fx = 2.2103
  step  32000  Fx = 0.9862
  step  34000  Fx = 1.8201
  step  36000  Fx = 0.8594
  step  38000  Fx = 2.0079
  step  40000  Fx = 0.9364
  step  42000  Fx = 2.1927
  step  44000  Fx = 1.0879
  step  46000  Fx = 1.9797
  step  48000  Fx = 1.0235
  step  50000  Fx = 1.8035
  step  52000  Fx = 0.8776
  step  54000  Fx = 1.7641
  step  56000  Fx = 1.0175
  step  58000  Fx = 1.6399
  step  60000  Fx = 1.2398
  step  62000  Fx = 1.4647
  step  64000  Fx = 1.2311
  step  66000  Fx = 1.3314
  step  68000  Fx = 1.2801
  step  70000  Fx = 1.2131
  step  72000  Fx = 1.5590
  step  74000  Fx = 1.0973
  step  76000  Fx = 1.7545
  step  78000  Fx = 1.0357
  step  80000  Fx = 1.8474
  step  82000  Fx = 0.9868
  step  84000  Fx = 2.0751
  step  86000  Fx = 0.9211
  step  88000  Fx = 2.3120
  step  90000  Fx = 0.9019
  step  92000  Fx = 2.4347
  step  94000  Fx = 0.9090
  step  96000  Fx = 2.5708
  step  98000  Fx = 0.8630
  step 100000  Fx = 2.6996
  step 102000  Fx = 0.7952
  step 104000  Fx = 2.7077
  step 106000  Fx = 0.7705
  step 108000  Fx = 2.6403
  step 110000  Fx = 0.7306
  step 112000  Fx = 2.5374
  step 114000  Fx = 0.6525
  step 116000  Fx = 2.3436
  step 118000  Fx = 0.6426
  step 120000  Fx = 2.0710
  step 122000  Fx = 0.7050
  step 124000  Fx = 1.7850
  step 126000  Fx = 0.7765
  step 128000  Fx = 1.4969
  step 130000  Fx = 0.9188
  step 132000  Fx = 1.2097
  step 134000  Fx = 1.1546
  step 136000  Fx = 0.9642
  step 138000  Fx = 1.4072
  step 140000  Fx = 0.7818
  step 142000  Fx = 1.6947
  step 144000  Fx = 0.6466
  step 146000  Fx = 2.0492
  step 148000  Fx = 0.5647
  step 150000  Fx = 2.4030
  step 152000  Fx = 0.5610
  step 154000  Fx = 2.7383
  step 156000  Fx = 0.6225
  step 158000  Fx = 3.0882
  step 160000  Fx = 0.6966
  step 162000  Fx = 3.4289
  step 164000  Fx = 0.7409
  step 166000  Fx = 3.7341
  step 168000  Fx = 0.7401
  step 170000  Fx = 3.9751
  step 172000  Fx = 0.6797
  step 174000  Fx = 4.0582
  step 176000  Fx = 0.5525
  step 178000  Fx = 3.9312
  step 180000  Fx = 0.3710
==============================================
 Urban canyon simulation complete.
  Mode: side
  Re = 100.0000
  H/W = 0.3000  Buildings: 2
  Steps = 180000
==============================================
