Mode: side  Re = 100  tau = 0.74  steps = 180000  u_ref = 0.1  H/W = 0.6  n_bldg = 3  H = 80  W = 133  W_bldg = 96
  step      0  Fx = 107.1333
  step   2000  Fx = 0.6976
  step   4000  Fx = 2.9023
  step   6000  Fx = 2.8930
  step   8000  Fx = 0.7416
  step  10000  Fx = 1.5279
  step  12000  Fx = 1.2292
  step  14000  Fx = 1.6972
  step  16000  Fx = 1.8942
  step  18000  Fx = 2.0908
  step  20000  Fx = 1.5190
  step  22000  Fx = 1.3768
  step  24000  Fx = 1.2529
  step  26000  Fx = 1.3432
  step  28000  Fx = 1.7023
  step  30000  Fx = 2.0719
  step  32000  Fx = 1.8920
  step  34000  Fx = 1.6969
  step  36000  Fx = 1.3479
  step  38000  Fx = 1.0874
  step  40000  Fx = 1.4049
  step  42000  Fx = 1.8065
  step  44000  Fx = 2.0384
  step  46000  Fx = 2.0116
  step  48000  Fx = 1.6222
  step  50000  Fx = 1.1801
  step  52000  Fx = 1.1402
  step  54000  Fx = 1.3817
  step  56000  Fx = 1.9120
  step  58000  Fx = 2.1706
  step  60000  Fx = 1.9659
  step  62000  Fx = 1.5257
  step  64000  Fx = 1.1628
  step  66000  Fx = 1.0218
  step  68000  Fx = 1.5237
  step  70000  Fx = 2.0311
  step  72000  Fx = 2.2110
  step  74000  Fx = 1.9504
  step  76000  Fx = 1.4780
  step  78000  Fx = 0.9986
  step  80000  Fx = 1.0890
  step  82000  Fx = 1.5960
  step  84000  Fx = 2.1626
  step  86000  Fx = 2.2768
  step  88000  Fx = 1.9174
  step  90000  Fx = 1.3408
  step  92000  Fx = 0.9608
  step  94000  Fx = 1.0683
  step  96000  Fx = 1.7581
  step  98000  Fx = 2.2931
  step 100000  Fx = 2.3111
  step 102000  Fx = 1.8422
  step 104000  Fx = 1.2611
  step 106000  Fx = 0.8352
  step 108000  Fx = 1.1629
  step 110000  Fx = 1.9051
  step 112000  Fx = 2.4232
  step 114000  Fx = 2.3198
  step 116000  Fx = 1.7743
  step 118000  Fx = 1.1084
  step 120000  Fx = 0.7930
  step 122000  Fx = 1.2500
  step 124000  Fx = 2.0919
  step 126000  Fx = 2.5370
  step 128000  Fx = 2.3060
  step 130000  Fx = 1.6578
  step 132000  Fx = 0.9877
  step 134000  Fx = 0.7385
  step 136000  Fx = 1.4093
  step 138000  Fx = 2.2767
  step 140000  Fx = 2.6318
  step 142000  Fx = 2.2510
  step 144000  Fx = 1.5429
  step 146000  Fx = 0.8313
  step 148000  Fx = 0.7547
  step 150000  Fx = 1.5933
  step 152000  Fx = 2.4687
  step 154000  Fx = 2.6896
  step 156000  Fx = 2.1735
  step 158000  Fx = 1.3922
  step 160000  Fx = 0.6969
  step 162000  Fx = 0.8140
  step 164000  Fx = 1.8175
  step 166000  Fx = 2.6471
  step 168000  Fx = 2.7092
  step 170000  Fx = 2.0602
  step 172000  Fx = 1.2345
  step 174000  Fx = 0.5704
  step 176000  Fx = 0.9449
  step 178000  Fx = 2.0580
  step 180000  Fx = 2.8069
==============================================
 Urban canyon simulation complete.
  Mode: side
  Re = 100.0000
  H/W = 0.6000  Buildings: 3
  Steps = 180000
==============================================
