Mode: side  Re = 100  tau = 0.74  steps = 180000  u_ref = 0.1  H/W = 0.8  n_bldg = 2  H = 80  W = 100  W_bldg = 96
  step      0  Fx = 91.4000
  step   2000  Fx = 3.4953
  step   4000  Fx = 0.9970
  step   6000  Fx = 1.0406
  step   8000  Fx = 1.1542
  step  10000  Fx = 1.7539
  step  12000  Fx = 0.9753
  step  14000  Fx = 1.6106
  step  16000  Fx = 0.7745
  step  18000  Fx = 1.8613
  step  20000  Fx = 0.8322
  step  22000  Fx = 1.9165
  step  24000  Fx = 0.8738
  step  26000  Fx = 1.8203
  step  28000  Fx = 1.0819
  step  30000  Fx = 1.7256
  step  32000  Fx = 1.1937
  step  34000  Fx = 1.5816
  step  36000  Fx = 1.3609
  step  38000  Fx = 1.2774
  step  40000  Fx = 1.5791
  step  42000  Fx = 0.9323
  step  44000  Fx = 1.7479
  step  46000  Fx = 0.6433
  step  48000  Fx = 1.9031
  step  50000  Fx = 0.4298
  step  52000  Fx = 2.0774
  step  54000  Fx = 0.3450
  step  56000  Fx = 2.2353
  step  58000  Fx = 0.4413
  step  60000  Fx = 2.3581
  step  62000  Fx = 0.6859
  step  64000  Fx = 2.3869
  step  66000  Fx = 1.0031
  step  68000  Fx = 2.1963
  step  70000  Fx = 1.3197
  step  72000  Fx = 1.7569
  step  74000  Fx = 1.5866
  step  76000  Fx = 1.1263
  step  78000  Fx = 1.8167
  step  80000  Fx = 0.4295
  step  82000  Fx = 2.0395
  step  84000  Fx = -0.1193
  step  86000  Fx = 2.2475
  step  88000  Fx = -0.4441
  step  90000  Fx = 2.4696
  step  92000  Fx = -0.4730
  step  94000  Fx = 2.7177
  step  96000  Fx = -0.1679
  step  98000  Fx = 2.9830
  step 100000  Fx = 0.4228
  step 102000  Fx = 3.2781
  step 104000  Fx = 1.0857
  step 106000  Fx = 3.1389
  step 108000  Fx = 1.6344
  step 110000  Fx = 2.4095
  step 112000  Fx = 1.9396
  step 114000  Fx = 1.3777
  step 116000  Fx = 2.0481
  step 118000  Fx = 0.0281
  step 120000  Fx = 2.1679
  step 122000  Fx = -1.0262
  step 124000  Fx = 2.3909
  step 126000  Fx = -1.4348
  step 128000  Fx = 2.6738
  step 130000  Fx = -1.3929
  step 132000  Fx = 2.9686
  step 134000  Fx = -1.0254
  step 136000  Fx = 3.2303
  step 138000  Fx = -0.2406
  step 140000  Fx = 3.4878
  step 142000  Fx = 0.7730
  step 144000  Fx = 4.0268
  step 146000  Fx = 1.5999
  step 148000  Fx = 3.6458
  step 150000  Fx = 2.2273
  step 152000  Fx = 2.5589
  step 154000  Fx = 2.4147
  step 156000  Fx = 1.1345
  step 158000  Fx = 2.2905
  step 160000  Fx = -0.6760
  step 162000  Fx = 2.2725
  step 164000  Fx = -1.8512
  step 166000  Fx = 2.4980
  step 168000  Fx = -2.0563
  step 170000  Fx = 2.8755
  step 172000  Fx = -1.7030
  step 174000  Fx = 3.2091
  step 176000  Fx = -1.2112
  step 178000  Fx = 3.4400
  step 180000  Fx = -0.2570
==============================================
 Urban canyon simulation complete.
  Mode: side
  Re = 100.0000
  H/W = 0.8000  Buildings: 2
  Steps = 180000
==============================================
